[debug] [2023-05-24T20:49:50.208Z] ----------------------------------------------------------------------
[debug] [2023-05-24T20:49:50.212Z] Command:       C:\Program Files\nodejs\node.exe C:\Users\saulius\AppData\Roaming\npm\node_modules\firebase-tools\lib\bin\firebase.js init
[debug] [2023-05-24T20:49:50.213Z] CLI Version:   12.2.0
[debug] [2023-05-24T20:49:50.214Z] Platform:      win32
[debug] [2023-05-24T20:49:50.215Z] Node Version:  v18.16.0
[debug] [2023-05-24T20:49:50.218Z] Time:          Wed May 24 2023 23:49:50 GMT+0300 (Eastern European Summer Time)
[debug] [2023-05-24T20:49:50.218Z] ----------------------------------------------------------------------
[debug] 
[debug] [2023-05-24T20:49:50.238Z] > command requires scopes: ["email","openid","https://www.googleapis.com/auth/cloudplatformprojects.readonly","https://www.googleapis.com/auth/firebase","https://www.googleapis.com/auth/cloud-platform"]
[debug] [2023-05-24T20:49:50.241Z] > authorizing via signed-in user (sauliuslipkevicius@gmail.com)
[info] 
     ######## #### ########  ######## ########     ###     ######  ########
     ##        ##  ##     ## ##       ##     ##  ##   ##  ##       ##
     ######    ##  ########  ######   ########  #########  ######  ######
     ##        ##  ##    ##  ##       ##     ## ##     ##       ## ##
     ##       #### ##     ## ######## ########  ##     ##  ######  ########

You're about to initialize a Firebase project in this directory:

  C:\Users\saulius\Desktop\projects\student-motivation

[info] 
=== Project Setup
[info] 
[info] First, let's associate this project directory with a Firebase project.
[info] You can create multiple project aliases by running firebase use --add, 
[info] but for now we'll just set up a default project.
[info] 
[info] i  If you want to create a project in a Google Cloud organization or folder, please use "firebase projects:create" instead, and return to this command when you've created the project. 
[debug] [2023-05-24T20:50:44.315Z] >>> [apiv2][query] POST https://cloudresourcemanager.googleapis.com/v1/projects [none]
[debug] [2023-05-24T20:50:44.315Z] >>> [apiv2][body] POST https://cloudresourcemanager.googleapis.com/v1/projects {"projectId":"studentfeedback","name":"student-feedback"}
[debug] [2023-05-24T20:50:45.312Z] <<< [apiv2][status] POST https://cloudresourcemanager.googleapis.com/v1/projects 409
[debug] [2023-05-24T20:50:45.312Z] <<< [apiv2][body] POST https://cloudresourcemanager.googleapis.com/v1/projects {"error":{"code":409,"message":"Requested entity already exists","status":"ALREADY_EXISTS"}}
[debug] [2023-05-24T20:50:45.428Z] FirebaseError: HTTP Error: 409, Requested entity already exists
    at responseToError (C:\Users\saulius\AppData\Roaming\npm\node_modules\firebase-tools\lib\responseToError.js:49:12)
    at RetryOperation._fn (C:\Users\saulius\AppData\Roaming\npm\node_modules\firebase-tools\lib\apiv2.js:288:77)
    at process.processTicksAndRejections (node:internal/process/task_queues:95:5)
[error] 
[error] Error: Failed to create project because there is already a project with ID studentfeedback. Please try again with a unique project ID.
